<?xml version="1.0" encoding="UTF-8"?>
<testsuite xmlns:xsi="http://www.w3.org/2001/XMLSchema-instance" xsi:noNamespaceSchemaLocation="https://maven.apache.org/surefire/maven-surefire-plugin/xsd/surefire-test-report-3.0.xsd" version="3.0" name="com.demoqa.test.alertsFrameWindows.elements.AutoCompleteTests" time="46.52" tests="1" errors="0" skipped="0" failures="0">
  <properties>
[...]
</properties>
  <testcase name="autoCompleteTest" classname="com.demoqa.test.alertsFrameWindows.elements.AutoCompleteTests" time="46.514">
    <system-out><![CDATA[18:50:55.874 [main] INFO  com.demoqa.config.utils.MyListener -- Open url -https://demoqa.com
18:51:37.994 [main] INFO  com.demoqa.test.TestBase -- Start test -> Optional[public void com.demoqa.test.alertsFrameWindows.elements.AutoCompleteTests.autoCompleteTest()]
18:51:38.040 [main] INFO  com.demoqa.config.utils.MyListener -- We have to click element -[[ChromeDriver: chrome on windows (c781be4f122e47da82ad10584e143d8f)] -> css selector: .card:nth-child(1)]
18:51:38.404 [main] INFO  com.demoqa.config.utils.MyListener -- We have to click element -[[ChromeDriver: chrome on windows (c781be4f122e47da82ad10584e143d8f)] -> xpath: //*[.='Text Box']]
18:51:39.071 [main] INFO  com.demoqa.config.utils.MyListener -- We have to click element -[[ChromeDriver: chrome on windows (c781be4f122e47da82ad10584e143d8f)] -> id: currentAddress]
18:51:39.330 [main] INFO  com.demoqa.config.utils.MyListener -- We fill in [[ChromeDriver: chrome on windows (c781be4f122e47da82ad10584e143d8f)] -> id: currentAddress] with value -[Vavilon]
18:51:40.621 [main] INFO  com.demoqa.test.TestBase -- Stop test
18:51:40.622 [main] INFO  com.demoqa.test.TestBase -- **************************************************************
]]></system-out>
    <system-err><![CDATA[апр. 02, 2025 6:50:54 PM org.openqa.selenium.manager.SeleniumManager lambda$runCommand$1
WARNING: The chromedriver version (133.0.6943.53) detected in PATH at C:\Tools\chromedriver.exe might not be compatible with the detected chrome version (134.0.6998.178); currently, chromedriver 134.0.6998.165 is recommended for chrome 134.*, so it is advised to delete the driver in PATH and retry
апр. 02, 2025 6:50:55 PM org.openqa.selenium.devtools.CdpVersionFinder findNearestMatch
WARNING: Unable to find an exact match for CDP version 134, returning the closest version; found: 133; Please update to a Selenium version that supports CDP version 134
]]></system-err>
  </testcase>
</testsuite>